Determining if the pthread_create exist failed with the following output:
Change Dir: /home/oquechy/Documents/cpp/hw03/cmake-build-debug/CMakeFiles/CMakeTmp

Run Build Command:"/usr/bin/make" "cmTC_6d13a/fast"
/usr/bin/make -f CMakeFiles/cmTC_6d13a.dir/build.make CMakeFiles/cmTC_6d13a.dir/build
make[1]: Entering directory '/home/oquechy/Documents/cpp/hw03/cmake-build-debug/CMakeFiles/CMakeTmp'
Building C object CMakeFiles/cmTC_6d13a.dir/CheckSymbolExists.c.o
/usr/bin/cc     -o CMakeFiles/cmTC_6d13a.dir/CheckSymbolExists.c.o   -c /home/oquechy/Documents/cpp/hw03/cmake-build-debug/CMakeFiles/CMakeTmp/CheckSymbolExists.c
Linking C executable cmTC_6d13a
/opt/clion-2017.1.1/bin/cmake/bin/cmake -E cmake_link_script CMakeFiles/cmTC_6d13a.dir/link.txt --verbose=1
/usr/bin/cc       CMakeFiles/cmTC_6d13a.dir/CheckSymbolExists.c.o  -o cmTC_6d13a 
CMakeFiles/cmTC_6d13a.dir/CheckSymbolExists.c.o: In function `main':
CheckSymbolExists.c:(.text+0x16): undefined reference to `pthread_create'
collect2: error: ld returned 1 exit status
CMakeFiles/cmTC_6d13a.dir/build.make:97: recipe for target 'cmTC_6d13a' failed
make[1]: *** [cmTC_6d13a] Error 1
make[1]: Leaving directory '/home/oquechy/Documents/cpp/hw03/cmake-build-debug/CMakeFiles/CMakeTmp'
Makefile:126: recipe for target 'cmTC_6d13a/fast' failed
make: *** [cmTC_6d13a/fast] Error 2

File /home/oquechy/Documents/cpp/hw03/cmake-build-debug/CMakeFiles/CMakeTmp/CheckSymbolExists.c:
/* */
#include <pthread.h>

int main(int argc, char** argv)
{
  (void)argv;
#ifndef pthread_create
  return ((int*)(&pthread_create))[argc];
#else
  (void)argc;
  return 0;
#endif
}

Determining if the function pthread_create exists in the pthreads failed with the following output:
Change Dir: /home/oquechy/Documents/cpp/hw03/cmake-build-debug/CMakeFiles/CMakeTmp

Run Build Command:"/usr/bin/make" "cmTC_7ebc8/fast"
/usr/bin/make -f CMakeFiles/cmTC_7ebc8.dir/build.make CMakeFiles/cmTC_7ebc8.dir/build
make[1]: Entering directory '/home/oquechy/Documents/cpp/hw03/cmake-build-debug/CMakeFiles/CMakeTmp'
Building C object CMakeFiles/cmTC_7ebc8.dir/CheckFunctionExists.c.o
/usr/bin/cc    -DCHECK_FUNCTION_EXISTS=pthread_create   -o CMakeFiles/cmTC_7ebc8.dir/CheckFunctionExists.c.o   -c /opt/clion-2017.1.1/bin/cmake/share/cmake-3.7/Modules/CheckFunctionExists.c
Linking C executable cmTC_7ebc8
/opt/clion-2017.1.1/bin/cmake/bin/cmake -E cmake_link_script CMakeFiles/cmTC_7ebc8.dir/link.txt --verbose=1
/usr/bin/cc   -DCHECK_FUNCTION_EXISTS=pthread_create    CMakeFiles/cmTC_7ebc8.dir/CheckFunctionExists.c.o  -o cmTC_7ebc8 -lpthreads 
/usr/bin/ld: cannot find -lpthreads
collect2: error: ld returned 1 exit status
CMakeFiles/cmTC_7ebc8.dir/build.make:97: recipe for target 'cmTC_7ebc8' failed
make[1]: *** [cmTC_7ebc8] Error 1
make[1]: Leaving directory '/home/oquechy/Documents/cpp/hw03/cmake-build-debug/CMakeFiles/CMakeTmp'
Makefile:126: recipe for target 'cmTC_7ebc8/fast' failed
make: *** [cmTC_7ebc8/fast] Error 2


